rm: cannot remove '*txt': No such file or directory
rm: cannot remove '*bowtiestats': No such file or directory
rm: cannot remove '*sam': No such file or directory
rm: cannot remove '*fa': No such file or directory

Attaching package: ‘BiocGenerics’

The following objects are masked from ‘package:parallel’:

    clusterApply, clusterApplyLB, clusterCall, clusterEvalQ,
    clusterExport, clusterMap, parApply, parCapply, parLapply,
    parLapplyLB, parRapply, parSapply, parSapplyLB

The following objects are masked from ‘package:stats’:

    IQR, mad, sd, var, xtabs

The following objects are masked from ‘package:base’:

    anyDuplicated, append, as.data.frame, cbind, colMeans, colnames,
    colSums, do.call, duplicated, eval, evalq, Filter, Find, get, grep,
    grepl, intersect, is.unsorted, lapply, lengths, Map, mapply, match,
    mget, order, paste, pmax, pmax.int, pmin, pmin.int, Position, rank,
    rbind, Reduce, rowMeans, rownames, rowSums, sapply, setdiff, sort,
    table, tapply, union, unique, unsplit, which, which.max, which.min


Attaching package: ‘S4Vectors’

The following object is masked from ‘package:base’:

    expand.grid


Attaching package: ‘Biostrings’

The following object is masked from ‘package:base’:

    strsplit

here() starts at /mnt/lareaulab/amok/covid-19
Breaking genome into windows
Error in .Call2("new_input_filexp", filepath, PACKAGE = "XVector") : 
  cannot open file '../../ref_data/influenza/influenzaB_human_2015-2020/influenzaB_human_2015-2020_allSegments_consensus.fa'
Calls: readDNAStringSet ... lapply -> FUN -> new_input_filexp -> .Call2 -> .Call
Execution halted
here() starts at /mnt/lareaulab/amok/covid-19

Calculating sensitivity to influenza strains
Error in .Call2("new_input_filexp", filepath, PACKAGE = "XVector") : 
  cannot open file '../../ref_data/influenza/influenzaB_human_2015-2020/B_human_2015-2020_segment1.fasta'
Calls: lapply ... lapply -> FUN -> new_input_filexp -> .Call2 -> .Call
Execution halted

RNAfold score: crRNA structure
- computing folding energies (crRNAs)
Error in file(con, "r") : cannot open the connection
Calls: readLines -> file
In addition: Warning message:
In file(con, "r") :
  cannot open file './spacers.txt': No such file or directory
Execution halted

Aligning against off-target: GRCh38_latest_rna (bowtie) 
- aligning windows to GRCh38_latest_rna 
Error in matrix(unlist(strsplit(mapped, split = "\t")), ncol = 4, byrow = T) : 
  'data' must be of a vector type, was 'NULL'
Calls: data.frame -> matrix
Execution halted

Aligning against off-target: ARS-UCD1_rna (bowtie) 
- aligning windows to ARS-UCD1_rna 
Error in matrix(unlist(strsplit(mapped, split = "\t")), ncol = 4, byrow = T) : 
  'data' must be of a vector type, was 'NULL'
Calls: data.frame -> matrix
Execution halted
here() starts at /mnt/lareaulab/amok/covid-19
Error in file(file, "rt") : cannot open the connection
Calls: read.table -> file
In addition: Warning message:
In file(file, "rt") :
  cannot open file 'windows.txt': No such file or directory
Execution halted

Attaching package: ‘BiocGenerics’

The following objects are masked from ‘package:parallel’:

    clusterApply, clusterApplyLB, clusterCall, clusterEvalQ,
    clusterExport, clusterMap, parApply, parCapply, parLapply,
    parLapplyLB, parRapply, parSapply, parSapplyLB

The following objects are masked from ‘package:stats’:

    IQR, mad, sd, var, xtabs

The following objects are masked from ‘package:base’:

    anyDuplicated, append, as.data.frame, cbind, colMeans, colnames,
    colSums, do.call, duplicated, eval, evalq, Filter, Find, get, grep,
    grepl, intersect, is.unsorted, lapply, lengths, Map, mapply, match,
    mget, order, paste, pmax, pmax.int, pmin, pmin.int, Position, rank,
    rbind, Reduce, rowMeans, rownames, rowSums, sapply, setdiff, sort,
    table, tapply, union, unique, unsplit, which, which.max, which.min


Attaching package: ‘S4Vectors’

The following object is masked from ‘package:base’:

    expand.grid


Attaching package: ‘Biostrings’

The following object is masked from ‘package:base’:

    strsplit

here() starts at /mnt/lareaulab/amok/covid-19
Breaking genome into windows
here() starts at /mnt/lareaulab/amok/covid-19

Calculating sensitivity to influenza strains

RNAfold score: crRNA structure
- computing folding energies (crRNAs)

Aligning against off-target: GRCh38_latest_rna (bowtie) 
- aligning windows to GRCh38_latest_rna 
- counting alignments
- number of alignments:
  number.of.alignments count
1                    0 14209
2                    1     0
3                    2     0
4                    3     0
5                    4     0
6                    5     0

Aligning against off-target: ARS-UCD1_rna (bowtie) 
- aligning windows to ARS-UCD1_rna 
- counting alignments
- number of alignments:
  number.of.alignments count
1                    0 14209
2                    1     0
3                    2     0
4                    3     0
5                    4     0
6                    5     0
here() starts at /mnt/lareaulab/amok/covid-19
