Breaking genome into windows

Calculating sensitivity to SARS-CoV-2 strains
- pulling window positions from windows.txt

Calculating specificity against other human coronaviruses
- aligning windows to human_CoV 

RNAfold score: crRNA structure
- computing folding energies (crRNAs)

RNAfold score: viral target structure
- computing folding structures
- calculating base-pairing propensity
- pulling window positions from windows.txt

Aligning against off-target: GRCh38_latest_rna (bowtie) 
- aligning windows to GRCh38_latest_rna 
- counting alignments
- number of alignments:
  number.of.alignments count
1                    0 20163
2                    1  2735
3                    2  1345
4                    3   818
5                    4   750
6                    5   500

Aligning against off-target: ARS-UCD1_rna (bowtie) 
- aligning windows to ARS-UCD1_rna 
- counting alignments
- number of alignments:
  number.of.alignments count
1                    0 23746
2                    1  2254
3                    2  1016
4                    3   607
5                    4   525
6                    5   360
Fatal error: cannot open file 'compile_scores.R': No such file or directory
